<?xml version="1.0" encoding="UTF-8"?>
<!-- Generated by org.testng.reporters.JUnitXMLReporter -->
<testsuite ignored="1" hostname="LL5CD119GGPF" failures="0" tests="1" name="Default test" time="1005.575" errors="0" timestamp="2023-04-24T22:13:51 EDT">
  <testcase classname="Scrapingdata.DiabeticReceipe" name="EliminatingAllergyitems" time="1005.521"/>
  <testcase classname="Scrapingdata.DiabeticReceipe" name="LaunchBrowser" time="0.0">
    <ignored/>
  </testcase> <!-- LaunchBrowser -->
</testsuite> <!-- Default test -->
