<?xml version="1.0" encoding="UTF-8"?>
<testng-results ignored="1" total="2" passed="1" failed="0" skipped="0">
  <reporter-output>
  </reporter-output>
  <suite started-at="2023-04-24T21:57:05 EDT" name="Default suite" finished-at="2023-04-24T22:13:51 EDT" duration-ms="1005575">
    <groups>
    </groups>
    <test started-at="2023-04-24T21:57:05 EDT" name="Default test" finished-at="2023-04-24T22:13:51 EDT" duration-ms="1005575">
      <class name="Scrapingdata.DiabeticReceipe">
        <test-method signature="EliminatingAllergyitems()[pri:4, instance:Scrapingdata.DiabeticReceipe@41a0aa7d]" started-at="2023-04-24T21:57:05 EDT" name="EliminatingAllergyitems" finished-at="2023-04-24T22:13:51 EDT" duration-ms="1005521" status="PASS">
          <reporter-output>
          </reporter-output>
        </test-method> <!-- EliminatingAllergyitems -->
      </class> <!-- Scrapingdata.DiabeticReceipe -->
    </test> <!-- Default test -->
  </suite> <!-- Default suite -->
</testng-results>
